[INFO] [2016-07-22 17:18:31][org.springframework.beans.factory.xml.XmlBeanDefinitionReader]Loading XML bean definitions from URL [file:/Users/MacBook/JAVA/workspace/stock/target/classes/spring-mybatis.xml]
[INFO] [2016-07-22 17:18:31][org.springframework.beans.factory.xml.XmlBeanDefinitionReader]Loading XML bean definitions from URL [file:/Users/MacBook/JAVA/workspace/stock/target/classes/spring-mvc.xml]
[INFO] [2016-07-22 17:18:31][org.springframework.context.support.GenericApplicationContext]Refreshing org.springframework.context.support.GenericApplicationContext@13c78c0b: startup date [Fri Jul 22 17:18:31 CST 2016]; root of context hierarchy
[INFO] [2016-07-22 17:18:31][org.springframework.beans.factory.config.PropertyPlaceholderConfigurer]Loading properties file from class path resource [jdbc.properties]
[INFO] [2016-07-22 17:18:31][org.springframework.beans.factory.annotation.AutowiredAnnotationBeanPostProcessor]JSR-330 'javax.inject.Inject' annotation found and supported for autowiring
[INFO] [2016-07-22 17:18:32][org.springframework.web.servlet.mvc.method.annotation.RequestMappingHandlerMapping]Mapped "{[/index],methods=[],params=[],headers=[],consumes=[],produces=[],custom=[]}" onto public java.lang.String com.stock.controller.CustomerController.index(javax.servlet.http.HttpServletResponse,javax.servlet.http.HttpServletRequest) throws java.lang.Exception
[INFO] [2016-07-22 17:18:32][org.springframework.web.servlet.mvc.method.annotation.RequestMappingHandlerMapping]Mapped "{[/register],methods=[],params=[],headers=[],consumes=[],produces=[],custom=[]}" onto public java.lang.String com.stock.controller.CustomerController.CustomerRegister(javax.servlet.http.HttpServletResponse,javax.servlet.http.HttpServletRequest) throws java.lang.Exception
[INFO] [2016-07-22 17:18:32][org.springframework.web.servlet.mvc.method.annotation.RequestMappingHandlerMapping]Mapped "{[/login],methods=[POST],params=[],headers=[],consumes=[],produces=[],custom=[]}" onto public void com.stock.controller.CustomerController.customerLogin(javax.servlet.http.HttpServletRequest,javax.servlet.http.HttpServletResponse,org.springframework.ui.Model) throws java.io.IOException
[INFO] [2016-07-22 17:18:32][org.springframework.web.servlet.handler.SimpleUrlHandlerMapping]Mapped URL path [/assets/images/**] onto handler 'org.springframework.web.servlet.resource.ResourceHttpRequestHandler#0'
[INFO] [2016-07-22 17:18:32][org.springframework.web.servlet.handler.SimpleUrlHandlerMapping]Mapped URL path [/assets/css/**] onto handler 'org.springframework.web.servlet.resource.ResourceHttpRequestHandler#1'
[INFO] [2016-07-22 17:18:32][org.springframework.web.servlet.handler.SimpleUrlHandlerMapping]Mapped URL path [/assets/js/**] onto handler 'org.springframework.web.servlet.resource.ResourceHttpRequestHandler#2'
[INFO] [2016-07-22 17:18:32][org.springframework.web.servlet.handler.SimpleUrlHandlerMapping]Mapped URL path [/assets/html/**] onto handler 'org.springframework.web.servlet.resource.ResourceHttpRequestHandler#3'
[INFO] [2016-07-22 17:18:32][org.springframework.web.servlet.handler.SimpleUrlHandlerMapping]Mapped URL path [/consolemanage/img/**] onto handler 'org.springframework.web.servlet.resource.ResourceHttpRequestHandler#4'
[INFO] [2016-07-22 17:18:32][org.springframework.web.servlet.handler.SimpleUrlHandlerMapping]Mapped URL path [/consolemanage/css/**] onto handler 'org.springframework.web.servlet.resource.ResourceHttpRequestHandler#5'
[INFO] [2016-07-22 17:18:32][org.springframework.web.servlet.handler.SimpleUrlHandlerMapping]Mapped URL path [/consolemanage/js/**] onto handler 'org.springframework.web.servlet.resource.ResourceHttpRequestHandler#6'
[INFO] [2016-07-22 17:18:32][org.springframework.web.servlet.handler.SimpleUrlHandlerMapping]Mapped URL path [/consolemanage/content/**] onto handler 'org.springframework.web.servlet.resource.ResourceHttpRequestHandler#7'
[INFO] [2016-07-22 17:18:32][org.springframework.context.support.GenericApplicationContext]Closing org.springframework.context.support.GenericApplicationContext@13c78c0b: startup date [Fri Jul 22 17:18:31 CST 2016]; root of context hierarchy
[INFO] [2016-07-28 09:46:49][org.springframework.beans.factory.xml.XmlBeanDefinitionReader]Loading XML bean definitions from URL [file:/F:/%e9%a1%b9%e7%9b%ae/stock/target/classes/spring-mybatis.xml]
[INFO] [2016-07-28 09:46:49][org.springframework.beans.factory.xml.XmlBeanDefinitionReader]Loading XML bean definitions from URL [file:/F:/%e9%a1%b9%e7%9b%ae/stock/target/classes/spring-mvc.xml]
[INFO] [2016-07-28 09:46:49][org.springframework.context.support.GenericApplicationContext]Refreshing org.springframework.context.support.GenericApplicationContext@5f2050f6: startup date [Thu Jul 28 09:46:49 CST 2016]; root of context hierarchy
[INFO] [2016-07-28 09:46:50][org.springframework.beans.factory.config.PropertyPlaceholderConfigurer]Loading properties file from class path resource [jdbc.properties]
[INFO] [2016-07-28 09:46:50][org.springframework.beans.factory.annotation.AutowiredAnnotationBeanPostProcessor]JSR-330 'javax.inject.Inject' annotation found and supported for autowiring
[INFO] [2016-07-28 09:46:51][org.springframework.web.servlet.mvc.method.annotation.RequestMappingHandlerMapping]Mapped "{[/login],methods=[POST],params=[],headers=[],consumes=[],produces=[],custom=[]}" onto public void com.stock.controller.CustomerController.customerLogin(javax.servlet.http.HttpServletRequest,javax.servlet.http.HttpServletResponse,org.springframework.ui.Model) throws java.io.IOException
[INFO] [2016-07-28 09:46:51][org.springframework.web.servlet.mvc.method.annotation.RequestMappingHandlerMapping]Mapped "{[/register],methods=[],params=[],headers=[],consumes=[],produces=[],custom=[]}" onto public java.lang.String com.stock.controller.CustomerController.CustomerRegister(javax.servlet.http.HttpServletResponse,javax.servlet.http.HttpServletRequest) throws java.lang.Exception
[INFO] [2016-07-28 09:46:51][org.springframework.web.servlet.mvc.method.annotation.RequestMappingHandlerMapping]Mapped "{[/admin],methods=[],params=[],headers=[],consumes=[],produces=[],custom=[]}" onto public java.lang.String com.stock.controller.UserController.index(javax.servlet.http.HttpServletResponse,javax.servlet.http.HttpServletRequest) throws java.lang.Exception
[INFO] [2016-07-28 09:46:51][org.springframework.web.servlet.mvc.method.annotation.RequestMappingHandlerMapping]Mapped "{[/user_delete_by_id],methods=[],params=[],headers=[],consumes=[],produces=[],custom=[]}" onto public java.lang.String com.stock.controller.UserController.user_delete_by_id(javax.servlet.http.HttpServletRequest,org.springframework.ui.Model)
[INFO] [2016-07-28 09:46:51][org.springframework.web.servlet.mvc.method.annotation.RequestMappingHandlerMapping]Mapped "{[/InsertUser],methods=[],params=[],headers=[],consumes=[],produces=[],custom=[]}" onto public java.lang.String com.stock.controller.UserController.InsertUser(javax.servlet.http.HttpServletRequest,javax.servlet.http.HttpServletResponse,org.springframework.ui.Model) throws java.lang.Exception
[INFO] [2016-07-28 09:46:51][org.springframework.web.servlet.mvc.method.annotation.RequestMappingHandlerMapping]Mapped "{[/index],methods=[],params=[],headers=[],consumes=[],produces=[],custom=[]}" onto public java.lang.String com.stock.controller.UserController.queryUsers(javax.servlet.http.HttpServletRequest,javax.servlet.http.HttpServletResponse,org.springframework.ui.Model)
[INFO] [2016-07-28 09:46:52][org.springframework.web.servlet.handler.SimpleUrlHandlerMapping]Mapped URL path [/assets/image/**] onto handler 'org.springframework.web.servlet.resource.ResourceHttpRequestHandler#0'
[INFO] [2016-07-28 09:46:52][org.springframework.web.servlet.handler.SimpleUrlHandlerMapping]Mapped URL path [/assets/css/**] onto handler 'org.springframework.web.servlet.resource.ResourceHttpRequestHandler#1'
[INFO] [2016-07-28 09:46:52][org.springframework.web.servlet.handler.SimpleUrlHandlerMapping]Mapped URL path [/assets/js/**] onto handler 'org.springframework.web.servlet.resource.ResourceHttpRequestHandler#2'
[INFO] [2016-07-28 09:46:52][org.springframework.web.servlet.handler.SimpleUrlHandlerMapping]Mapped URL path [/assets/html/**] onto handler 'org.springframework.web.servlet.resource.ResourceHttpRequestHandler#3'
[INFO] [2016-07-28 09:46:52][org.springframework.web.servlet.handler.SimpleUrlHandlerMapping]Mapped URL path [/static/media/css/**] onto handler 'org.springframework.web.servlet.resource.ResourceHttpRequestHandler#4'
[INFO] [2016-07-28 09:46:52][org.springframework.web.servlet.handler.SimpleUrlHandlerMapping]Mapped URL path [/static/media/image/**] onto handler 'org.springframework.web.servlet.resource.ResourceHttpRequestHandler#5'
[INFO] [2016-07-28 09:46:52][org.springframework.web.servlet.handler.SimpleUrlHandlerMapping]Mapped URL path [/static/media/js/**] onto handler 'org.springframework.web.servlet.resource.ResourceHttpRequestHandler#6'
[INFO] [2016-07-28 09:46:52][org.springframework.web.servlet.handler.SimpleUrlHandlerMapping]Mapped URL path [/consolemanage/image/**] onto handler 'org.springframework.web.servlet.resource.ResourceHttpRequestHandler#7'
[INFO] [2016-07-28 09:46:52][org.springframework.web.servlet.handler.SimpleUrlHandlerMapping]Mapped URL path [/consolemanage/css/**] onto handler 'org.springframework.web.servlet.resource.ResourceHttpRequestHandler#8'
[INFO] [2016-07-28 09:46:52][org.springframework.web.servlet.handler.SimpleUrlHandlerMapping]Mapped URL path [/consolemanage/js/**] onto handler 'org.springframework.web.servlet.resource.ResourceHttpRequestHandler#9'
[INFO] [2016-07-28 09:46:52][org.springframework.web.servlet.handler.SimpleUrlHandlerMapping]Mapped URL path [/consolemanage/content/**] onto handler 'org.springframework.web.servlet.resource.ResourceHttpRequestHandler#10'
[INFO] [2016-07-28 09:46:52][org.springframework.context.support.GenericApplicationContext]Closing org.springframework.context.support.GenericApplicationContext@5f2050f6: startup date [Thu Jul 28 09:46:49 CST 2016]; root of context hierarchy
[INFO] [2016-08-15 17:36:29][org.apache.mahout.cf.taste.impl.model.file.FileDataModel]Creating FileDataModel for file src\main\resources\testCF.csv
[INFO] [2016-08-15 17:36:29][org.apache.mahout.cf.taste.impl.model.file.FileDataModel]Reading file info...
[INFO] [2016-08-15 17:36:29][org.apache.mahout.cf.taste.impl.model.file.FileDataModel]Read lines: 37
[INFO] [2016-08-15 17:36:29][org.apache.mahout.cf.taste.impl.model.GenericDataModel]Processed 7 users
[INFO] [2016-08-15 17:38:07][org.apache.mahout.cf.taste.impl.model.file.FileDataModel]Creating FileDataModel for file src\main\resources\testCF.csv
[INFO] [2016-08-15 17:38:07][org.apache.mahout.cf.taste.impl.model.file.FileDataModel]Reading file info...
[INFO] [2016-08-15 17:38:07][org.apache.mahout.cf.taste.impl.model.file.FileDataModel]Read lines: 37
[INFO] [2016-08-15 17:38:07][org.apache.mahout.cf.taste.impl.model.GenericDataModel]Processed 7 users
[INFO] [2016-08-15 17:38:47][org.apache.mahout.cf.taste.impl.model.file.FileDataModel]Creating FileDataModel for file src\main\resources\testCF.csv
[INFO] [2016-08-15 17:38:47][org.apache.mahout.cf.taste.impl.model.file.FileDataModel]Reading file info...
[INFO] [2016-08-15 17:38:47][org.apache.mahout.cf.taste.impl.model.file.FileDataModel]Read lines: 37
[INFO] [2016-08-15 17:38:47][org.apache.mahout.cf.taste.impl.model.GenericDataModel]Processed 7 users
[INFO] [2016-08-15 17:39:48][org.apache.mahout.cf.taste.impl.model.file.FileDataModel]Creating FileDataModel for file src\main\resources\testCF.csv
[INFO] [2016-08-15 17:39:48][org.apache.mahout.cf.taste.impl.model.file.FileDataModel]Reading file info...
[INFO] [2016-08-15 17:39:48][org.apache.mahout.cf.taste.impl.model.file.FileDataModel]Read lines: 37
[INFO] [2016-08-15 17:39:48][org.apache.mahout.cf.taste.impl.model.GenericDataModel]Processed 7 users
[INFO] [2016-08-15 17:40:01][org.apache.mahout.cf.taste.impl.model.file.FileDataModel]Creating FileDataModel for file src\main\resources\testCF.csv
[INFO] [2016-08-15 17:40:02][org.apache.mahout.cf.taste.impl.model.file.FileDataModel]Reading file info...
[INFO] [2016-08-15 17:40:02][org.apache.mahout.cf.taste.impl.model.file.FileDataModel]Read lines: 37
[INFO] [2016-08-15 17:40:02][org.apache.mahout.cf.taste.impl.model.GenericDataModel]Processed 7 users
[INFO] [2016-08-15 17:40:15][org.apache.mahout.cf.taste.impl.model.file.FileDataModel]Creating FileDataModel for file src\main\resources\testCF.csv
[INFO] [2016-08-15 17:40:15][org.apache.mahout.cf.taste.impl.model.file.FileDataModel]Reading file info...
[INFO] [2016-08-15 17:40:15][org.apache.mahout.cf.taste.impl.model.file.FileDataModel]Read lines: 37
[INFO] [2016-08-15 17:40:15][org.apache.mahout.cf.taste.impl.model.GenericDataModel]Processed 7 users
[INFO] [2016-08-15 17:40:40][org.apache.mahout.cf.taste.impl.model.file.FileDataModel]Creating FileDataModel for file src\main\resources\testCF.csv
[INFO] [2016-08-15 17:40:40][org.apache.mahout.cf.taste.impl.model.file.FileDataModel]Reading file info...
[INFO] [2016-08-15 17:40:40][org.apache.mahout.cf.taste.impl.model.file.FileDataModel]Read lines: 37
[INFO] [2016-08-15 17:40:40][org.apache.mahout.cf.taste.impl.model.GenericDataModel]Processed 7 users
[INFO] [2016-08-15 19:32:49][org.apache.mahout.cf.taste.impl.model.file.FileDataModel]Creating FileDataModel for file src\main\resources\testCF.csv
[INFO] [2016-08-15 19:32:50][org.apache.mahout.cf.taste.impl.model.file.FileDataModel]Reading file info...
[INFO] [2016-08-15 19:32:50][org.apache.mahout.cf.taste.impl.model.file.FileDataModel]Read lines: 37
[INFO] [2016-08-15 19:32:50][org.apache.mahout.cf.taste.impl.model.GenericDataModel]Processed 7 users
[INFO] [2016-08-15 19:38:43][org.apache.mahout.cf.taste.impl.model.file.FileDataModel]Creating FileDataModel for file src\main\resources\testCF.csv
[INFO] [2016-08-15 19:38:44][org.apache.mahout.cf.taste.impl.model.file.FileDataModel]Reading file info...
[INFO] [2016-08-15 19:38:44][org.apache.mahout.cf.taste.impl.model.file.FileDataModel]Read lines: 37
[INFO] [2016-08-15 19:38:44][org.apache.mahout.cf.taste.impl.model.GenericDataModel]Processed 7 users
[INFO] [2016-08-15 20:09:42][org.apache.mahout.cf.taste.impl.model.file.FileDataModel]Creating FileDataModel for file F:\testCF.csv
[INFO] [2016-08-15 20:09:42][org.apache.mahout.cf.taste.impl.model.file.FileDataModel]Reading file info...
[INFO] [2016-08-15 20:09:42][org.apache.mahout.cf.taste.impl.model.file.FileDataModel]Read lines: 37
[INFO] [2016-08-15 20:09:42][org.apache.mahout.cf.taste.impl.model.GenericDataModel]Processed 7 users
[INFO] [2016-08-15 20:10:22][org.apache.mahout.cf.taste.impl.model.file.FileDataModel]Creating FileDataModel for file F:\testCF.csv
[INFO] [2016-08-15 20:10:22][org.apache.mahout.cf.taste.impl.model.file.FileDataModel]Reading file info...
[INFO] [2016-08-15 20:10:22][org.apache.mahout.cf.taste.impl.model.file.FileDataModel]Read lines: 37
[INFO] [2016-08-15 20:10:22][org.apache.mahout.cf.taste.impl.model.GenericDataModel]Processed 7 users
[INFO] [2016-08-15 20:10:38][org.apache.mahout.cf.taste.impl.model.file.FileDataModel]Creating FileDataModel for file F:\testCF.csv
[INFO] [2016-08-15 20:10:38][org.apache.mahout.cf.taste.impl.model.file.FileDataModel]Reading file info...
[INFO] [2016-08-15 20:10:38][org.apache.mahout.cf.taste.impl.model.file.FileDataModel]Read lines: 37
[INFO] [2016-08-15 20:10:38][org.apache.mahout.cf.taste.impl.model.GenericDataModel]Processed 7 users
[INFO] [2016-08-15 20:11:09][org.apache.mahout.cf.taste.impl.model.file.FileDataModel]Creating FileDataModel for file F:\testCF.csv
[INFO] [2016-08-15 20:11:09][org.apache.mahout.cf.taste.impl.model.file.FileDataModel]Reading file info...
[INFO] [2016-08-15 20:11:09][org.apache.mahout.cf.taste.impl.model.file.FileDataModel]Read lines: 37
[INFO] [2016-08-15 20:11:09][org.apache.mahout.cf.taste.impl.model.GenericDataModel]Processed 7 users
[INFO] [2016-08-15 20:13:12][org.apache.mahout.cf.taste.impl.model.file.FileDataModel]Creating FileDataModel for file F:\testCF.csv
[INFO] [2016-08-15 20:13:12][org.apache.mahout.cf.taste.impl.model.file.FileDataModel]Reading file info...
[INFO] [2016-08-15 20:13:12][org.apache.mahout.cf.taste.impl.model.file.FileDataModel]Read lines: 37
[INFO] [2016-08-15 20:13:12][org.apache.mahout.cf.taste.impl.model.GenericDataModel]Processed 7 users
[INFO] [2016-08-15 20:13:30][org.apache.mahout.cf.taste.impl.model.file.FileDataModel]Creating FileDataModel for file F:\testCF.csv
[INFO] [2016-08-15 20:13:30][org.apache.mahout.cf.taste.impl.model.file.FileDataModel]Reading file info...
[INFO] [2016-08-15 20:13:30][org.apache.mahout.cf.taste.impl.model.file.FileDataModel]Read lines: 37
[INFO] [2016-08-15 20:13:30][org.apache.mahout.cf.taste.impl.model.GenericDataModel]Processed 7 users
[INFO] [2016-08-15 20:18:50][org.apache.mahout.cf.taste.impl.model.file.FileDataModel]Creating FileDataModel for file F:\testCF.csv
[INFO] [2016-08-15 20:18:50][org.apache.mahout.cf.taste.impl.model.file.FileDataModel]Reading file info...
[INFO] [2016-08-15 20:18:50][org.apache.mahout.cf.taste.impl.model.file.FileDataModel]Read lines: 37
[INFO] [2016-08-15 20:18:50][org.apache.mahout.cf.taste.impl.model.GenericDataModel]Processed 7 users
[INFO] [2016-08-15 20:19:02][org.apache.mahout.cf.taste.impl.model.file.FileDataModel]Creating FileDataModel for file F:\testCF.csv
[INFO] [2016-08-15 20:19:02][org.apache.mahout.cf.taste.impl.model.file.FileDataModel]Reading file info...
[INFO] [2016-08-15 20:19:02][org.apache.mahout.cf.taste.impl.model.file.FileDataModel]Read lines: 37
[INFO] [2016-08-15 20:19:02][org.apache.mahout.cf.taste.impl.model.GenericDataModel]Processed 7 users
[INFO] [2016-08-15 20:19:58][org.apache.mahout.cf.taste.impl.model.file.FileDataModel]Creating FileDataModel for file F:\testCF.csv
[INFO] [2016-08-15 20:19:58][org.apache.mahout.cf.taste.impl.model.file.FileDataModel]Reading file info...
[INFO] [2016-08-15 20:19:58][org.apache.mahout.cf.taste.impl.model.file.FileDataModel]Read lines: 37
[INFO] [2016-08-15 20:19:58][org.apache.mahout.cf.taste.impl.model.GenericDataModel]Processed 7 users
[INFO] [2016-08-15 20:20:08][org.apache.mahout.cf.taste.impl.model.file.FileDataModel]Creating FileDataModel for file F:\testCF.csv
[INFO] [2016-08-15 20:20:08][org.apache.mahout.cf.taste.impl.model.file.FileDataModel]Reading file info...
[INFO] [2016-08-15 20:20:08][org.apache.mahout.cf.taste.impl.model.file.FileDataModel]Read lines: 37
[INFO] [2016-08-15 20:20:08][org.apache.mahout.cf.taste.impl.model.GenericDataModel]Processed 7 users
[INFO] [2016-08-15 20:20:39][org.apache.mahout.cf.taste.impl.model.file.FileDataModel]Creating FileDataModel for file F:\testCF.csv
[INFO] [2016-08-15 20:20:39][org.apache.mahout.cf.taste.impl.model.file.FileDataModel]Reading file info...
[INFO] [2016-08-15 20:20:39][org.apache.mahout.cf.taste.impl.model.file.FileDataModel]Read lines: 56
[INFO] [2016-08-15 20:20:39][org.apache.mahout.cf.taste.impl.model.GenericDataModel]Processed 13 users
